[  0.000000] Linux version 4.15.0-43-generic (buildd@w01-amd64-001) (gcc version 7.3.0 (Ubuntu 7.3.0-16ubuntu3)) #46-Untu S Thu Dec 6 14:45:28 UTC 2018 (Ubuntu 4.15.0-43.46-generic 4.15.18)
[    0.000000] Command line: BOOT_IMAGE=/boot/vmlinuz-4.15.0-43-generic root=UUID=0092e392-26dd-488a-9c8b-87b8c8ab0147 ro console=tty1 console=ttyS0
[    0.000000] KERNEL supported cpus:
[    0.000000]   Intel GenuineIntel
[    0.000000]   AMD AuthenticAMD
[    0.000000]   Centaur CentaurHauls
[    0.000000] x86/fpu: Supporting XSAVE feature0x001: 'x87 floating point registers'
[    0.000000] x86/fpu: Supporting XSAVE feature 0x002: 'SSE registers'
[    0.000000] x86/fpu: Supporting XSAVE feature 0x004: 'AVX registers'
[    0.000000] x86/fpu: xstate_offs[2]:  576,xstae_sizes[2]:  6
[    0.000000] x86/fpu: Enabled xsate fetures 0x7, ntext ze is 832 bytes, using 'standard' format.
[   0.000000 e820: BIOS-provided physical RAM map:
[    0.000000] BIOS-e820: [mem 0x0000000000000000-0x000000000009fbff] usable
[    0.000000] BIOSe820: [mem 0x000000000009fc00-0x000000000009ffff] reserved
[    0.000000] BIOS-e820: [mem 0x00000000000f0000-0x00000000000fffff] reserved
[    0.000000 BIOS-e80:mem 0x0000000000100000-0x000000003ffeffff] usable
[    0.000000BIOS-e820: [mem 0x0000003ff0000-0x000000003fffffff] ACPI data
[    0.000000] BIOS-e820: [mem 0x00000000fec00000-0x00000000fec00fff] reserved
[    0.000000] BIOS-e820: [mem 0x00000000fee000-0x00000000feeff] reserved    0.0000000] BIS-e820 [mem 0x00000000fffc0000-0x00000000ffffffff] reserved
[    0.000000] NX (Execute Disable) protection: active
[    0.000000] SMBIOS 2.5 present.
[    0.000000] DMI inntek GmbH VirtulBox/VirtualBox, BOSVirtualBox 12/01/26
[    0.000000] Hypervisor detected: KVM
[    0.000000] e820: last_pfn = 0x3fff0 max_arch_pfn = 0x400000000
[    0.000000] MTRR: Disabled
[    0.00000] x86/PAT: MTRRs disabled, skipping PAT initialization too.
[    0.000000] CPU MTRsall blank - virtualized system.
[    0.000000] x86/PAT: Configuration [0-7]: WB  WT  UC- UC  WB  WT  UC- UC  
[    0.000000] found SMP MP-table at [mem 0x0009fff0-0x0009ffff] mapped at [        (ptrva]
[    0.000000] Scanning 1 areas for low memo corruption
[    0.00000 RAMDISK: mem 0x359d7000-0x36ce2fff]
[    0.000000] ACPI: Early table checksum verification disabled
[    0.000000] ACPI: RSDP 0x00000000000E0000 000024 (v02 VBOX  )
[    0.000000] API: XST 0x000000003FFF0030 0000 (01 OX  VBOXXSDT 00000001 ASL  00000061
    .0000] ACPI: FACP 0x000000003FFF00F0 0000F4 (v04 VBOX   VBOXFACP 000001 ASL  00000061)
[    0.000000] ACPI: DSDT 0x000000003FFF0470 0021FF (v02 VBOX   VBOXBIOS 00000002 INTL 20100528)
[    0.000000] ACPI: FACS 0x000000003FFF0200 000040
[    0.000000] ACPI: FACS 0x000000003FFF0200 000040
[    0.000000] ACPI: APIC 0x000000003FFF0240 00005C (v02 VBOX   VBOXAPIC 00000001 ASL  00000061)
[    0.000000] ACPI: SSDT 0x000000003FFF02A0 0001CC (v01 VBOX   VBOXCPUT 00000002 INTL 20100528)
[    0.000000] No NUMA configuration found
[    0.000000] Faking a node at [mem 0x0000000000000000-0x000000003ffeffff]
[    0.000000] NODE_DATA(0) allocated [mem 0x3ffc5000-0x3ffeffff]
[    0.000000] kvm-clock: cpu 0, msr 0:3ff44001, primary cpu clock
[    0.000000] kvm-clock: Using msrs 4b564d01 and 4b564d00
[    0.000000] kvm-clock: using sched offset of 4251230223 cycles
[    0.000000] clocksource: kvm-clock: mask: 0xffffffffffffffff max_cyces: 0x1cd42e4dffb, max_idle_ns: 881590591483 ns
[    0.000000] Zone ranges:
[    000000]   DMA      [mem 0x0000000000001000-0x0000000000ffffff]
[    0.000000]   DMA32    [mem 0x0000000001000000-0x000000003ffeffff]
[    0.000000]   Normal   mpy
[  000000]  Dece  empty
[  0.000000] Movable zone start for each node
[    0.000000] Early memory node ranges
[    0.000000]   node   0: [mem 0x0000000000001000-0x000000000009fff]
[    0.000000]   node   0: [mem 0x0000000000100000-0x000000003ffefff]
[  0.00000] Initmem setup node 0 [mem 0x0000000000001000-0x000000003ffeffff]
[    0.000000 Rserved but unavailable: 98 pages
[    0.000000] ACPI: PM-Tir IO Port: 0x4008
[    0.000000] IOAPIC[0]: apic_id 2, version 32, address 0xfec00000, GSI 0-23
[    0.000000] ACPI: INT_SRC_OVR (bus 0 bus_irq 0 global_irq 2 dfl dfl)
[    0.000000] ACPI: INT_SRC_OVR (bus 0 bus_irq 9 globalir 9 low level)
[    0.000000] Using ACPIMAT) for SMP configuration iormation
[    0.000000] smpboot: Allowing 2 CPUs, 0 hotplug Cs
[    0.000000] PM: Registeednosaveemry: [m 000000000-0x0000ff
   0.000] PM: Registered nosave memory: [mem 0x0009f000-0x0009ffff]
[    0.000000] PM: Registered nosave memory: [mem 0x000a0000-0x000effff]
[    0.000000] PM: Registered nosave memory: [mem 0x000f0000-0x000fffff]
[    0.000000] e820: [mem 0x40000000-0xfebfffff] available for PCI devices
[    0.000000] Booting paravirtualized kernel on KVM
[    0.000000] clocksource: refined-jiffies: mask: 0xffffffff max_cycles: 0xffffffff, max_idle_ns: 7645519600211568 ns
[    0.000000] random: get_random_bytes called from start_kernel+0x99/0x4fd with crng_init=0
[    0.000000] setup_percpu: NCPUS:8192 nr_cpumask_bits:2 nr_cpu_ids:2 nr_node_is:
[    0.000000]pepu: Embedded 46 pages/cpu @      (rval) s151552 r8192 d28672 u1048576
[    0.000000] PV qspinlock hash table entries: 256 (order: 0, 4096 bytes)
[    0.000000] Built 1 zonelists, mobility grouping on.  Total pages: 257913
[    0.000000] Policy zone: DMA32
[    0.000000] Kernel command line: BOOT_IMAGE=/boot/vmlinuz-4.15.0-43-generic root=UUID=0092e392-26dd-488a-9c8b-87b8c8ab0147 ro onsole=tty1 console=ttyS0
[    0.000000] Memory: 983080K/1048120K available (12300K kernel code, 2472K rwdata, 4252K rodata, 2408K init, 2416K bss, 65040K reserved, 0K cma-reserved)
[    0.000000] SLUB: HWalign=64, Order=0-3, MinObjects=0, CPUs=2, Nodes=1
[    0.000000] Kernel/User page tables iolationenbled
[    0.000000] ftrace: allocating 39186 entries in 154 pages
[    0.004000] Hierarchical RCU implementation.
[  0.004000] 	RCUestricting CPUs from NR_CPUS=8192 to nr_cpu_ids=2.
[    0.004000] 	Tasks RCU enabled.
[    0.004000] RCU: Adjusting gemery for rcu_nout_lea16 nr_cpu_ids=2
[    0.004000] NR_IRQS: 524544, nr_irqs: 440, preallocated irqs: 16
[    0.004000] Console: colour VGA+ 80x25
[    0.004000] console [tty1] enabled
[    0.004000] console [ttyS0] enabled[    0.004000] ACPI: Core revision 20170831
[    0.004000] ACPI: 2 ACPI AML tables successfully acquired and loaded
[  0.004000] APIC: Switch to symmetric I/O mode setup
[    0.004239] x2apic enabled
[    0.005375] Switched APIC routing to physical x2apic.
[    0.009080] ..TIMER: vector=0x30 apic1=0 pin1=2 apic2=-1 pin2=-1
[    0.012005] tsc: Detected 2303.998 MHz processor
[    0.016011] Calibrating delay loop (skipped) preset value.. 4607.99 BogoMIPS (lpj=9215992)
[    0.020005] pid_max: default: 32768 minimum: 301
[    0.024044] Security Framework initialized
[    0.028007] Yama: becoming mindful.
[    0.032032] AppArmor: AppArmor initialized
[    0.040057] Dentry cache hash table entries: 131072 (order: 8, 1048576 bytes)
[    0.044086] Inode-cache hash table entries: 65536 (order: 7, 524288 bytes)
[    0.048030] Mount-cache hash table entries: 2048 (order: 2, 16384 bytes)
[    0.052009] Mountpoint-cache hash table entries: 2048 (order: 2, 16384 bytes)
[    0.054354] mce: CPU supports 0 MCE banks
[    0.056015] Last level iTLB entries: 4KB 64, 2MB 8, 4MB 8
[    0.060003] Last level dTLB entries: 4KB 64, 2MB 0, 4MB 0, 1GB 4
[    0.064003] Spectre V2 : Mitigation: Full generic retpoline
[    0.068005] Spectre V2 : Spectre v2 / SpectreRSB mitigation: Filling RSB on context switch
[    0.072004] Speculative Store Bypass: Vulnerable
[    0.073887] Freeing SMP alternatives memory: 36K
[  0.080000] smpboot: CPU0: Intel(R) Core(TM) i5-7360U CPU @ 2.30GHz (family: 0x6, model: 0x8e, stepping: 0x9)
[    0.080094] Performance Events: unsupported p6 CPU model 142 no PMU driver, software events only.
[    0.084051] Hierarchical SRCU implementation.
[    0.085993] NMI watchdog: Perf event create on CPU 0 failed with -2
[    0.088006] NMI watchdog: Perf NMI watchdog permanently disabled
[    0.090324] smp: Bringing up secondary CPUs ...
[    0.092097] x86: Booting SMP configuration:
[    0.093119] .... node  #0, CPUs:      #1
[    0.004000] kvm-clock: cpu 1, msr 0:3ff44041, secondary cpu clock
[    0.004000] mce: CPU supports 0 MCE banks
[    0.124031] smp: Brought up 1 node, 2 CPUs
[    0.126153] smpboot: Max logical packages: 1
[    0.128027] smpboot: Total of 2 processors activated (9215.99 BogoMIPS)
[    0.132274] devtmpfs: initialized
[    0.136091] x86/mm: Memory block size: 128MB
[    0.138499] evm: security.selinux
[    0.140004] evm: security.SMACK64
[    0.141534] evm: security.SMACK64EXEC
[    0.144003] evm: security.SMACK64TRANSMUTE
[    0.148003] evm: security.SMACK64MMAP
[    0.149818] evm: security.apparmor
[    0.152003] evm: security.ima
[    0.153329] evm: security.capability
[    0.156302] clocksource: jiffies: mask: 0xffffffff max_cycles: 0xffffffff, max_idle_ns: 7645041785100000 ns
[    0.160061] futex hash table entries: 512 (order: 3, 32768 bytes)
[    0.164157] pinctrl core: initialized pinctrl subsystem
[    0.170103] RTC time:  5:59:09, date: 01/23/19
[    0.172172] NET: Registered protocol family 16
[    0.173744] audit: initializing netlink subsys (disabled)
[    0.176060] audit: type=2000 audit(1548223150.222:1): state=initialized audit_enabled=0 res=1
[    0.180006] cpuidle: using governor ladder
[    0.184016] cpuidle: using governor menu
[    0.188067] ACPI: bus type PCI registered
[    0.192005] acpiphp: ACPI Hot Plug PCI Controller Driver version: 0.5
[    0.194056] PCI: Using configuration type 1 for base access
[    0.196841] HugeTLB registered 2.00 MiB page size, pre-allocated 0 pages
[    0.200103] ACPI: Added _OSI(Module Device)
[    0.204010] ACPI: Added _OSI(Processor Device)
[    0.208007] ACPI: Added _OSI(3.0 _SCP Extensions)
[    0.209934] ACPI: Added _OSI(Processor Aggregator Device)
[    0.212009] ACPI: Added _OSI(Linux-Dell-Video)
[    0.216007] ACPI: Added _OSI(Linux-Lenovo-NV-HDMI-Audio)
[    0.220581] ACPI: Executed 1 blocks of module-level executable AML code
[    0.226901] ACPI: Interpreter enabled
[    0.228023] ACPI: (supports S0 S5)
[    0.232006] ACPI: Using IOAPIC for interrupt routing
[    0.236237] PCI: Using host bridge windows from ACPI; if necessary, use "pci=nocrs" and report a bug
[    0.240277] ACPI: Enabled 2 GPEs in block 00 to 07
[    0.255006] ACPI: PCI Root Bridge [PCI0] (domain 0000 [bus 00-ff])
[    0.256008] acpi PNP0A03:00: _OSC: OS supports [ASPM ClockPM Segments MSI]
[    0.257967] acpi PNP0A03:00: _OSC: not requesting OS control; OS requires [ExtendedConfig ASPM ClockPM MSI]
[    0.260030] acpi PNP0A03:00: fail to add MMCONFIG information, can't access extended PCI configuration space under this bridge.
[    0.268441] PCI host bridge to bus 0000:00
[    0.272008] pci_bus 0000:00: root bus resource [io  0x0000-0x0cf7 window]
[    0.276003] pci_bus 0000:00: root bus resource [io  0x0d00-0xffff window]
[    0.280010] pci_bus 0000:00: root bus resource [mem 0x000a0000-0x000bffff window]
[    0.284008] pci_bus 0000:00: root bus resource [mem 0x40000000-0xfdffffff window]
[    0.285817] pci_bus 0000:00: root bus resource [bus 00-ff]
[    0.291305] pci 0000:00:01.1: legacy IDE quirk: reg 0x10: [io  0x01f0-0x01f7]
[    0.292010] pci 0000:00:01.1: legacy IDE quirk: reg 0x14: [io  0x03f6]
[    0.296008] pci 0000:00:01.1: legacy IDE quirk: reg 0x18: [io  0x0170-0x0177]
[    0.300007] pci 0000:00:01.1: legacy IDE quirk: reg 0x1c: [io  0x0376]
[    0.322236] pci 0000:00:07.0: quirk: [io  0x4000-0x403f] claimed by PIIX4 ACPI
[    0.324033] pci 0000:00:07.0: quirk: [io  0x4100-0x410f] claimed by PIIX4 SMB
[    0.342230] ACPI: PCI Interrupt Link [LNKA] (IRQs 5 9 10 *11)
[    0.344330] ACPI: PCI Interrupt Link [LNKB] (IRQs 5 9 *10 11)
[    0.348187] ACPI: PCI Interrupt Link [LNKC] (IRQs 5 *9 10 11)
[    0.352189] ACPI: PCI Interrupt Link [LNKD] (IRQs 5 9 10 *11)
[    0.356469] SCSI subsystem initialized
[    0.364033] pci 0000:00:02.0: vgaarb: setting as boot VGA device
[    0.368000] pci 0000:00:02.0: vgaarb: VGA device added: decodes=io+mem,owns=io+mem,locks=none
[    0.368009] pci 0000:00:02.0: vgaarb: bridge control possible
[    0.372006] vgaarb: loaded
[    0.376054] ACPI: bus type USB registered
[    0.380036] usbcore: registered new interface driver usbfs
[    0.384011] usbcore: registered new interface driver hub
[    0.388040] usbcore: registered new device driver usb
[    0.392081] EDAC MC: Ver: 3.0.0
[    0.396395] PCI: Using ACPI for IRQ routing
[    0.404378] NetLabel: Initializing
[    0.408003] NetLabel:  domain hash size = 128
[    0.412005] NetLabel:  protocols = UNLABELED CIPSOv4 CALIPSO
[    0.416029] NetLabel:  unlabeled traffic allowed by default
[    0.420088] clocksource: Switched to clocksource kvm-clock
[    0.475800] V: Disk quotas dquot_6.6.0
[    0.522073] VFS: Dquot-cache hashab eri: 12ordr  4096 bes
[  0953643] AppAor: AppArmor Filesystem Enabled
[    1.0959pn: P CPin
  1.64644] pn: P PIfound 3 devices

[    1.628907] clocksource: acpi_pm: mask: 0xfffff max_cycles: 0xffffff, max_idle_ns: 2085701024 ns
[    1.666598] NET: Registered protocol family 2

[    1.671475] T establiedha table entri: 92 (order: 4, 65536 bytes)

[    1.944839] TCbid hash blenries: 8192 (order: 5, 131072 bytes
[  21830 T: astables configured (established 8192 bind 19
[  2316]DPhash table entries: 512 (order: 2, 16384 bytes)
[    2.732154] UDP-Lite hash table entries: 512 (order: 2, 16384 bytes)
[    2.734198] NET: Registered protocol family 1
[    2.735654] pci 0000:00:00.0: Limiting direct PCI/PCI transers
[    2.762377] pci 0000:00:01.0: Activating ISA DMA hang workarounds
[    2.764741] pci 0000:00:02.0: Video device with hadowed ROM at [mem 0x000c0000-0x000dffff]
[    2.813609] Unpacking initramfs...

[    3.091520] Freeing initrd memory: 19504K
[    3.101944] platform rtc_cmos: registered platform RTC device (no PNP device found)
[    3.104275] Scanning for low memory corruption every 60 seconds
[    3.112392] Initialise system trusted keyrings
[    3.125395] Key type blacklist registered
[    3.143973] workingset: timestamp_bits=36 max_order=18 bucket_order=0
[    3.169173] zbud: loaded
[    3.181670] squashfs: version 4.0 (2009/01/31) Phillip Lougher
[    3.183729] fuse init (API version 7.26)
[    3.213799] Key type asymmetric registered
[    3.215091] Asymmetric key parser 'x509' registered
[    3.222165] Block layer SCSI generic (bsg) driver version 0.4 loaded (major 246)
[    3.274621] io scheduler noop registered
[    3.306083] io scheduler deadline registered
[    3.316779] io scheduler cfq registered (default)
[    3.335257] ACPI: AC Adapter [AC] (on-line)
[    3.356025] input: Power Button as /devices/LNXSYSTM:00/LNXPWRBN:00/input/input0
[    3.372793] ACPI: Power Button [PWRF]
[    3.385368] input: Sleep Button as /devices/LNXSYSTM:00/LNXSLPBN:00/input/input1
[    3.435706] ACPI: Sleep Button [SLPF]
[    3.451341] Serial: 8250/16550 driver, 32 ports, IRQ sharing enabled
[    3.452923] ACPI: Battery Slot [BAT0] (battery present)
[    3.492133] 00:02: ttyS0 at I/O 0x3f8 (irq = 4, base_baud = 115200) is a 16550A
[    3.543400] Linux agpgart interface v0.103
[    3.565527] loop: module loaded
[    3.573800] scsi host0: ata_piix
[    3.587855] scsi host1: ata_piix
[    3.613529] ata1: PATA max UDMA/33 cmd 0x1f0 ctl 0x3f6 bmdma 0xd000 irq 14
[    3.652880] ata2: PATA max UDMA/33 cmd 0x170 ctl 0x376 bmdma 0xd008 irq 15
[    3.655039] libphy: Fixed MDIO Bus: probed
[    3.661667] tun: Universal TUN/TAP device driver, 1.6
[    3.679892] PPP generic driver version 2.4.2
[    3.687673] ehci_hcd: USB 2.0 'Enhanced' Host Controller (EHCI) Driver
[    3.758073] ehci-pci: EHCI PCI platform driver
[    3.767058] ehci-platform: EHCI generic platform driver
[    3.768684] ohci_hcd: USB 1.1 'Open' Host Controller (OHCI) Driver
[    3.776240] ohci-pci: OHCI PCI platform driver
[    3.777630] ohci-platform: OHCI generic platform driver
[    3.784879] uhci_hcd: USB Universal Host Controller Interface driver
[    3.813145] i8042: PNP: PS/2 Controller [PNP0303:PS2K,PNP0f03:PS2M] at 0x60,0x64 irq 1,12
[    3.832946] serio: i8042 KBD port at 0x60,0x64 irq 1
[    3.836945] serio: i8042 AUX port at 0x60,0x64 irq 12
[    3.838244] mousedev: PS/2 mouse device common for all mice
[    3.846710] rtc_cmos rtc_cmos: rtc core: registered rtc_cmos as rtc0
[    3.854578] input: AT Translated Set 2 keyboard as /devices/platform/i8042/serio0/input/input2
[    3.857010] rtc_cmos rtc_cmos: alarms up to one day, 114 bytes nvram
[    3.864838] i2c /dev entries driver
[    3.865978] pcie_mp2_amd: AMD(R) PCI-E MP2 Communication Driver Version: 1.0
[    3.871885] device-mapper: uevent: version 1.0.3
[    3.874293] device-mapper: ioctl: 4.37.0-ioctl (2017-09-20) initialised: dm-devel@redhat.com
[    3.879535] ledtrig-cpu: registered to indicate activity on CPUs
[    3.888467] NET: Registered protocol family 10
[    3.899993] Segment Routing with IPv6
[    3.909646] NET: Registered protocol family 17
[    3.913999] Key type dns_resolver registered
[    3.919698] RAS: Correctable Errors collector initialized.
[    3.932218] sched_clock: Marking stable (3932125191, 0)->(9213363455, -5281238264)
[    3.938276] registered taskstats version 1
[    3.941641] Loading compiled-in X.509 certificates
[    3.966278] Loaded X.509 cert 'Build time autogenerated kernel key: 6afcca3ddc80072aeae87585a7fdb65d40603f58'
[    4.047536] zswap: loaded using pool lzo/zbud
[    4.080743] Key type big_key registered
[    4.096834] Key type trusted registered
[    4.117190] Key type encrypted registered
[    4.124556] tsc: Refined TSC clocksource calibration: 2304.851 MHz
[    4.124563] clocksource: tsc: mask: 0xffffffffffffffff max_cycles: 0x21391be01de, max_idle_ns: 440795298977 ns
[    4.377763] AppArmor: AppArmor sha1 policy hashing enabled
[    4.414264] ima: No TPM chip found, activating TPM-bypass! (rc=-19)
[    4.427524] ima: Allocated hash algorithm: sha1
[    4.462437] evm: HMAC attrs: 0x1
[    4.463783]   Magic number: 3:667:972
[    4.468510] rtc_cmos rtc_cmos: setting system clock to 2019-01-23 05:59:14 UTC (1548223154)
[    4.470760] BIOS EDD facility v0.16 2004-Jun-25, 0 devices found
[    4.476338] EDD information not available.
[    4.491251] Freeing unused kernel memory: 2408K
[    4.528724] Write protecting the kernel read-only data: 20480k
[    4.531912] Freeing unused kernel memory: 2008K
[    5.283878] Freeing unused kernel memory: 1892K
[    5.307453] x86/mm: Checked W+X mappings: passed, no W+X pages found.
[    5.321012] x86/mm: Checking user space page tables
[    5.356955] x86/mm: Checked W+X mappings: passed, no W+X pages found.
Loading, please wait...
starting version 237
[    5.413304] e1000: Intel(R) PRO/1000 Network Driver - version 7.3.21-k8-NAPI
[    5.423117] e1000: Copyright (c) 1999-2006 Intel Corporation.
[    5.426550] Fusion MPT base driver 3.04.20
[    5.427602] Copyright (c) 1999-2008 LSI Corporation
[    5.441958] AVX2 version of gcm_enc/dec engaged.
[    5.445416] AES CTR mode by8 optimization enabled
[    5.452179] Fusion MPT SPI Host driver 3.04.20
[    5.641330] input: ImExPS/2 Generic Explorer Mouse as /devices/platform/i8042/serio1/input/input4
[    5.866917] e1000 0000:00:03.0 eth0: (PCI:33MHz:32-bit) 02:18:35:6e:ef:1f
[    5.884442] e1000 0000:00:03.0 eth0: Intel(R) PRO/1000 Network Connection
[    5.888285] mptbase: ioc0: Initiating bringup
[    6.013283] ioc0: LSI53C1030 A0: Capabilities={Initiator}
[    6.275664] scsi host2: ioc0: LSI53C1030 A0, FwRev=00000000h, Ports=1, MaxQ=256, IRQ=20
[    6.444804] scsi 2:0:0:0: Direct-Access     VBOX     HARDDISK         1.0  PQ: 0 ANSI: 5
[    6.716164] scsi target2:0:0: Beginning Domain Validation
[    6.725053] scsi target2:0:0: Domain Validation skipping write tests
[    6.727210] scsi target2:0:0: Ending Domain Validation
[    6.734416] scsi target2:0:0: asynchronous
[    6.738011] scsi 2:0:1:0: Direct-Access     VBOX     HARDDISK         1.0  PQ: 0 ANSI: 5
[    6.872214] scsi target2:0:1: Beginning Domain Validation
[    6.888425] random: fast init done
[    6.890623] random: systemd-udevd: uninitialized urandom read (16 bytes read)
[    6.890654] e1000 0000:00:08.0 eth1: (PCI:33MHz:32-bit) 08:00:27:50:89:ce
[    6.890658] e1000 0000:00:08.0 eth1: Intel(R) PRO/1000 Network Connection
[    6.915616] random: systemd-udevd: uninitialized urandom read (16 bytes read)
[    6.934421] random: systemd-udevd: uninitialized urandom read (16 bytes read)
[    6.962068] scsi target2:0:1: Domain Validation skipping write tests
[    6.962172] e1000 0000:00:03.0 enp0s3: renamed from eth0
[    6.964945] scsi target2:0:1: Ending Domain Validation
[    6.966278] scsi target2:0:1: asynchronous
[    6.973647] e1000 0000:00:08.0 enp0s8: renamed from eth1
[    6.986353] sd 2:0:0:0: Attached scsi generic sg0 type 0
[    7.009527] sd 2:0:0:0: [sda] 20971520 512-byte logical blocks: (10.7 GB/10.0 GiB)
[    7.014057] sd 2:0:1:0: Attached scsi generic sg1 type 0
[    7.014556] sd 2:0:1:0: [sdb] 20480 512-byte logical blocks: (10.5 MB/10.0 MiB)
[    7.014704] sd 2:0:1:0: [sdb] Write Protect is off
[    7.014805] sd 2:0:1:0: [sdb] Incomplete mode parameter data
[    7.014806] sd 2:0:1:0: [sdb] Assuming drive cache: write through
[    7.017543] sd 2:0:1:0: [sdb] Attached SCSI disk
[    7.089365] sd 2:0:0:0: [sda] Write Protect is off
[    7.107940] sd 2:0:0:0: [sda] Incomplete mode parameter data
[    7.126776] sd 2:0:0:0: [sda] Assuming drive cache: write through
[    7.149281]  sda: sda1
[    7.178704] sd 2:0:0:0: [sda] Attached SCSI disk
Begin: Loading essential drivers ... [    8.652308] raid6: sse2x1   gen() 12319 MB/s
[    8.720185] raid6: sse2x1   xor()  8443 MB/s
[    8.792222] raid6: sse2x2   gen() 14669 MB/s
[    8.848172] raid6: sse2x2   xor()  9574 MB/s
[    8.896256] raid6: sse2x4   gen() 16857 MB/s
[    8.952261] raid6: sse2x4   xor() 10895 MB/s
[    9.020239] raid6: avx2x1   gen() 23156 MB/s
[    9.072265] raid6: avx2x1   xor() 16933 MB/s
[    9.140200] raid6: avx2x2   gen() 28764 MB/s
[    9.212072] raid6: avx2x2   xor() 17624 MB/s
[    9.268285] raid6: avx2x4   gen() 32793 MB/s
[    9.348218] raid6: avx2x4   xor() 20008 MB/s
[    9.349677] raid6: using algorithm avx2x4 gen() 32793 MB/s
[    9.386173] raid6: .... xor() 20008 MB/s, rmw enabled
[    9.399918] raid6: using avx2x2 recovery algorithm
[    9.412159] xor: automatically using best checksumming function   avx       
[    9.415725] async_tx: api initialized (async)
done.
Begin: Running /scripts/init-premount ... done.
Begin: Mounting root file system ... Begin: Running /scripts/local-top ... done.
Begin: Running /scripts/local-premount ... [    9.529768] Btrfs loaded, crc32c=crc32c-intel
Scanning for Btrfs filesystems
done.
Warning: fsck not present, so skipping root file system
[    9.566872] EXT4-fs (sda1): mounted filesystem with ordered data mode. Opts: (null)
done.
Begin: Running /scripts/local-bottom ... done.
Begin: Running /scripts/init-bottom ... done.
[    9.784844] ip_tables: (C) 2000-2006 Netfilter Core Team
[    9.795183] systemd[1]: systemd 237 running in system mode. (+PAM +AUDIT +SELINUX +IMA +APPARMOR +SMACK +SYSVINIT +UTMP +LIBCRYPTSETUP +GCRYPT +GNUTLS +ACL +XZ +LZ4 +SECCOMP +BLKID +ELFUTILS +KMOD -IDN2 +IDN -PCRE2 default-hierarchy=hybrid)
[    9.801455] systemd[1]: Detected virtualization oracle.
[    9.811688] systemd[1]: Detected architecture x86-64.

Welcome to [1mUbuntu 18.04.1 LTS[0m!

[    9.851988] systemd[1]: Set hostname to <ubuntu-bionic>.
[   10.397262] systemd[1]: Created slice System Slice.
[[0;32m  OK  [0m] Created slice System Slice.
[   11.353862] systemd[1]: Reached target User and Group Name Lookups.
[[0;32m  OK  [0m] Reached target User and Group Name Lookups.
[   11.426001] systemd[1]: Listening on LVM2 poll daemon socket.
[[0;32m  OK  [0m] Listening on LVM2 poll daemon socket.
[   11.477139] systemd[1]: Created slice User and Session Slice.
[[0;32m  OK  [0m] Created slice User and Session Slice.
[   12.040564] systemd[1]: Listening on Journal Audit Socket.
[[0;32m  OK  [0m] Listening on Journal Audit Socket.
[   12.148440] systemd[1]: Reached target Slices.
[[0;32m  OK  [0m] Reached target Slices.
[[0;32m  OK  [0m] Listening on /dev/initctl Compatibility Named Pipe.
[[0;32m  OK  [0m] Reached target System Time Synchronized.
[[0;32m  OK  [0m] Listening on LVM2 metadata daemon socket.
[[0;32m  OK  [0m] Listening on Device-mapper event daemon FIFOs.
[[0;32m  OK  [0m] Listening on Journal Socket (/dev/log).
[[0;32m  OK  [0m] Listening on udev Kernel Socket.
[[0;32m  OK  [0m] Listening on udev Control Socket.
[[0;32m  OK  [0m] Listening on Syslog Socket.
[[0;32m  OK  [0m] Set up automount Arbitrary Executab…rmats File System Automount Point.
[[0;32m  OK  [0m] Started Forward Password Requests to Wall Directory Watch.
[[0;32m  OK  [0m] Reached target Swap.
[[0;32m  OK  [0m] Created slice system-serial\x2dgetty.slice.
[[0;32m  OK  [0m] Listening on Network Service Netlink Socket.
[[0;32m  OK  [0m] Listening on Journal Socket.
         Starting Set the console keyboard layout...
         Starting Remount Root and Kernel File Systems...
         Mounting Kernel Debug File System...
         Mounting Huge Pa[   13.330095] EXT4-fs (sda1): re-mounted. Opts: (null)
ges File System...
         Starting Monitoring of LVM2 mirrors…ng dmeventd or progress polling...
         Starting Load Kernel Modules...
         Starting udev Coldplug all Devices...
         Starting Uncomplicated [   13.419624] Loading iSCSI transport class v2.0-870.
firewall...
         Mounting POSIX Message Queue File System...
         Starting Create list of required st…ce nodes for the current kernel...
         Startin[   13.469301] iscsi: registered transport (tcp)
g Journal Service...
[[0;32m  OK  [0m] Started Remount Root and Kernel File Systems.
[[0;32m  OK  [0m] Mounted Kernel Debug File System.
[[0;32m  OK  [0m] Mounted Huge Pages File System.
[[0;32m  OK  [0m] Started Uncomplicated firewall.
[[0;32m  OK  [0m] Mounted POSIX Message Queue File System.
[[0;32m  OK  [0m] Started Create list of required sta…vice nodes for the current kernel.
[[0;32m  OK  [0m] Started Journal Service.
[[0;32m  OK  [0m] Started LVM2 metadata daemon[   13.546160] iscsi: registered transport (iser)
.
         Starting Create Static Device Nodes in /dev...
         Starting Load/Save Random Seed...
         Starting Flush Journal to Persistent Storage...
         Starting Initial cloud-init job (pre-networking)...
[[0;32m  OK  [0m] Started Load Kernel Modules.
[[0;32m  OK  [0m] Started Monitoring of LVM2 mirrors,…sing dmeventd or progress polling.
[[0;32m  OK  [0m] Started udev Coldplug all Devices.
[[0;32m  OK  [0m] Started Create Static Device Nodes in /dev.
[[0;32m  OK  [0m] Started Load/Save Random Seed.
         Starting udev Kernel Device Manager...
         Mounting FUSE Control File System...
         Mounting Kernel Configuration File System...
         Starting Apply Kernel Variables...
[[0;32m  OK  [0m] Mounted FUSE Control File System.
[[0;32m  OK  [0m] Mounted Kernel Configuration File System.
[   13.793510] systemd-journald[422]: Received request to flush runtime journal from PID 1
[[0;32m  OK  [0m] Started udev Kernel Device Manager.
[[0;32m  OK  [0m] Started Apply Kernel Variables.
[[0;32m  OK  [0m] Found device /dev/ttyS0.
[[0;32m  OK  [0m] Listening on Load/Save RF Kill Switch Status /dev/rfkill Watch.
[[0;32m  OK  [0m] Started Flush Journal to Persistent Storage.
[[0;32m  OK  [0m] Started Set the console keyboard layout.
[[0;32m  OK  [0m] Reached target Local File Systems (Pre).
[[0;32m  OK  [0m] Reached target Local File Systems.
         Starting Set console font and keymap...
         Starting ebtables ruleset management...
         Starting AppArmor initialization...
         Starting Create Volatile Files and Directories...
         Starting Tell Plymouth To Write Out Runtime Data...
[[0;32m  OK  [0m] Started Dispatch Password Requests to Console Directory Watch.
[[0;32m  OK  [0m] Reached target Local Encrypted Volumes.
[[0;32m  OK  [0m] Started Set console font and keymap.
[[0;32m  OK  [0m] Started Create Volatile Files and Directories.
         Starting Update UTMP about System Boot/Shutdown...
[[0;32m  OK  [0m] Started Tell Plymouth To Write Out Runtime Data.
[[0;32m  OK  [0m] Started Update UTMP about System Boot/Shutdown.
[[0;32m  OK  [0m] Started ebtables ruleset management.
[   15.417657] cloud-init[446]: Cloud-init v. 18.4-0ubuntu1~18.04.1 running 'init-local' at Wed, 23 Jan 2019 05:59:25 +0000. Up 15.12 seconds.
[[0;32m  OK  [0m] Started AppArmor initialization.
[[0;32m  OK  [0m] Started Initial cloud-init job (pre-networking).
[[0;32m  OK  [0m] Reached target Network (Pre).
         Starting Network Service...
[[0;32m  OK  [0m] Started Network Service.
         Starting Network Name Resolution...
         Starting Wait for Network to be Configured...
[[0;32m  OK  [0m] Started Network Name Resolution.
[[0;32m  OK  [0m] Reached target Host and Network Name Lookups.
[[0;32m  OK  [0m] Reached target Network.
[[0;32m  OK  [0m] Started Wait for Network to be Configured.
         Starting Initial cloud-init job (metadata service crawler)...
[   17.637338] cloud-init[826]: Cloud-init v. 18.4-0ubuntu1~18.04.1 running 'init' at Wed, 23 Jan 2019 05:59:27 +0000. Up 17.50 seconds.
[   17.675584] cloud-init[826]: ci-info: ++++++++++++++++++++++++++++++++++++++Net device info+++++++++++++++++++++++++++++++++++++++
[   17.687107] cloud-init[826]: ci-info: +--------+------+-----------------------------+---------------+--------+-------------------+
[   17.721488] cloud-init[826]: ci-info: | Device |  Up  |           Address           |      Mask     | Scope  |     Hw-Address    |
[   17.764343] cloud-init[826]: ci-info: +--------+------+-----------------------------+---------------+--------+-------------------+
[   17.776407] cloud-init[826]: ci-info: | enp0s3 | True |          10.0.2.15          | 255.255.255.0 | global | 02:18:35:6e:ef:1f |
[   17.779625] cloud-init[826]: ci-info: | enp0s3 | True |  fe80::18:35ff:fe6e:ef1f/64 |       .       |  link  | 02:18:35:6e:ef:1f |
[   17.794725] cloud-init[826]: ci-info: | enp0s8 | True |        192.168.33.10        | 255.255.255.0 | global | 08:00:27:50:89:ce |
[   17.804684] cloud-init[826]: ci-info: | enp0s8 | True | fe80::a00:27ff:fe50:89ce/64 |       .       |  link  | 08:00:27:50:89:ce |
[   17.808880] cloud-init[826]: ci-info: |   lo   | True |          127.0.0.1          |   255.0.0.0   |  host  |         .         |
[   17.811742] cloud-init[826]: ci-info: |   lo   | True |           ::1/128           |       .       |  host  |         .         |
[   17.824352] cloud-init[826]: ci-info: +--------+------+-----------------------------+---------------+--------+-------------------+
[   17.826963] cloud-init[826]: ci-info: +++++++++++++++++++++++++++++Route IPv4 info+++++++++++++++++++++++++++++
[   17.833591] cloud-init[826]: ci-info: +-------+--------------+----------+-----------------+-----------+-------+
[   17.836786] cloud-init[826]: ci-info: | Route | Destination  | Gateway  |     Genmask     | Interface | Flags |
[   17.844848] cloud-init[826]: ci-info: +-------+--------------+----------+-----------------+-----------+-------+
[   17.860763] cloud-init[826]: ci-info: |   0   |   0.0.0.0    | 10.0.2.2 |     0.0.0.0     |   enp0s3  |   UG  |
[[   17.903385] cloud-init[826]: ci-info: |   1   |   10.0.2.0   | 0.0.0.0  |  255.255.255.0  |   enp0s3  |   U   |
[   17.903731] cloud-init[826]: ci-info: |   2   |   10.0.2.2   | 0.0.0.0  | 255.255.255.255 |   enp0s3  |   UH  |
[   17.904871] cloud-init[826]: ci-info: |   3   | 192.168.33.0 | 0.0.0.0  |  255.255.255.0  |   enp0s8  |   U   |
[   17.905261] cloud-init[826]: ci-info: +-------+--------------+----------+-----------------+-----------+-------+
[   17.905608] cloud-init[826]: ci-info: +++++++++++++++++++Route IPv6 info+++++++++++++++++++
[   17.906259] cloud-init[826]: ci-info: +-------+-------------+---------+-----------+-------+
[   17.906692] cloud-init[826]: ci-info: | Route | Destination | Gateway | Interface | Flags |
[   17.907152] cloud-init[826]: ci-info: +-------+-------------+---------+-----------+-------+
[   17.907555] cloud-init[826]: ci-info: |   1   |  fe80::/64  |    ::   |   enp0s8  |   U   |
[   17.907940] cloud-init[826]: ci-info: |   2   |  fe80::/64  |    ::   |   enp0s3  |   U   |
[   17.908675] cloud-init[826]: ci-info: |   4   |    local    |    ::   |   enp0s3  |   U   |
[   17.909033] cloud-init[826]: ci-info: |   5   |    local    |    ::   |   enp0s8  |   U   |
[   17.909392] cloud-init[826]: ci-info: |   6   |   ff00::/8  |    ::   |   enp0s8  |   U   |
[   17.909860] cloud-init[826]: ci-info: |   7   |   ff00::/8  |    ::   |   enp0s3  |   U   |
[   17.910293] cloud-init[826]: ci-info: +-------+-------------+---------+-----------+-------+
[0;32m  OK  [0m] Started Initial cloud-init job (metadata service crawler).
[[0;32m  OK  [0m] Reached target Network is Online.
[[0;32m  OK  [0m] Reached target Remote File Systems (Pre).
[[0;32m  OK  [0m] Reached target Remote File Systems.
         Starting Availability of block devices...
[[0;32m  OK  [0m] Reached target Cloud-config availability.
[[0;32m  OK  [0m] Reached target System Initialization.
         Starting Socket activation for snappy daemon.
[[0;32m  OK  [0m] Started Message of the Day.
[[0;32m  OK  [0m] Started Discard unused blocks once a week.
         Starting LXD - unix socket.
[[0;32m  OK  [0m] Started ACPI Events Check.
[[0;32m  OK  [0m] Reached target Paths.
[[0;32m  OK  [0m] Listening on Open-iSCSI iscsid Socket.
[[0;32m  OK  [0m] Started Daily apt download activities.
[[0;32m  OK  [0m] Started Daily apt upgrade and clean activities.
[[0;32m  OK  [0m] Listening on D-Bus System Message Bus Socket.
[[0;32m  OK  [0m] Listening on UUID daemon activation socket.
[[0;32m  OK  [0m] Listening on ACPID Listen Socket.
[[0;32m  OK  [0m] Started Daily Cleanup of Temporary Directories.
[[0;32m  OK  [0m] Reached target Timers.
[[0;32m  OK  [0m] Started Availability of block devices.
[[0;32m  OK  [0m] Listening on Socket activation for snappy daemon.
[[0;32m  OK  [0m] Listening on LXD - unix socket.
[[0;32m  OK  [0m] Reached target Sockets.
[[0;32m  OK  [0m] Reached target Basic System.
         Starting Dispatcher daemon for systemd-networkd...
[[0;32m  OK  [0m] Started irqbalance daemon.
[[0;32m  OK  [0m] Started Regular background program processing daemon.
[[0;32m  OK  [0m] Started FUSE filesystem for LXC.
         Starting LSB: Record successful boot for GRUB...
         Starting LXD - container startup/shutdown...
         Starting LSB: automatic crash report generation...
[[0;32m  OK  [0m] Started D-Bus System Message Bus.
         Starting vboxadd.service...
         Starting Login Service...
[[0;32m  OK  [0m] Started Unattended Upgrades Shutdown.
         Starting Accounts Service...
         Starting Permit User Sessions...
[[0;32m  OK  [0m] Started Deferred execution scheduler.
         Starting System Logging Service...
         Starting OpenBSD Secure Shell server...
         Starting Snappy daemon...
[[0;32m  OK  [0m] Started Dispatcher daemon for systemd-networkd.
[[0;32m  OK  [0m] Started LXD - container startup/shutdown.
[[0;32m  OK  [0m] Started Permit User Sessions.
[[0;32m  OK  [0m] Started Login Service.
[[0;32m  OK  [0m] Started System Logging Service.
         Starting Authorization Manager...
         Starting Hold until boot process finishes up...
         Starting Terminate Plymouth Boot Screen...
[[0;32m  OK  [0m] Started Hold until boot process finishes up.
[[0;32m  OK  [0m] Started Serial Getty on ttyS0.
         Starting Set console scheme...
[[0;32m  OK  [0m] Started Terminate Plymouth Boot Screen.
[[0;32m  OK  [0m] Started Set console scheme.
[[0;32m  OK  [0m] Created slice system-getty.slice.
[[0;32m  OK  [0m] Started Getty on tty1.
[[0;32m  OK  [0m] Reached target Login Prompts.
[[0;32m  OK  [0m] Started LSB: Record successful boot for GRUB.
[[0;32m  OK  [0m] Started LSB: automatic crash report generation.
[[0;32m  OK  [0m] Started Authorization Manager.
[[0;32m  OK  [0m] Started Accounts Service.
[[0;32m  OK  [0m] Started OpenBSD Secure Shell server.
[[0;32m  OK  [0m] Started vboxadd.service.
         Starting vboxadd-service.service...
[[0;32m  OK  [0m] Started Snappy daemon.
         Starting Wait until snapd is fully seeded...
[[0;32m  OK  [0m] Started vboxadd-service.service.
[[0;32m  OK  [0m] Started Wait until snapd is fully seeded.
[[0;32m  OK  [0m] Reached target Multi-User System.
[[0;32m  OK  [0m] Reached target Graphical Interface.
         Starting Update UTMP about System Runlevel Changes...
         Starting Apply the settings specified in cloud-config...
[[0;32m  OK  [0m] Started Update UTMP about System Runlevel Changes.
[   20.113066] cloud-init[1319]: Cloud-init v. 18.4-0ubuntu1~18.04.1 running 'modules:config' at Wed, 23 Jan 2019 05:59:30 +0000. Up 20.01 seconds.
[[0;32m  OK  [0m] Started Apply the settings specified in cloud-config.
         Starting Execute cloud user/final scripts...
[   20.584760] cloud-init[1364]: Cloud-init v. 18.4-0ubuntu1~18.04.1 running 'modules:final' at Wed, 23 Jan 2019 05:59:30 +0000. Up 20.49 seconds.
[[0;32m  OK  [0m] Started Execute cloud user/final scripts.
[[0;32m  OK  [0m] Reached target Cloud-init target.
[   20.651506] cloud-init[1364]: Cloud-init v. 18.4-0ubuntu1~18.04.1 finished at Wed, 23 Jan 2019 05:59:30 +0000. Datasource DataSourceNoCloud [seed=/dev/sdb][dsmode=net].  Up 20.57 seconds

Ubuntu 18.04.1 LTS ubuntu-bionic ttyS0

ubuntu-bionic login: 